[2023-01-30 05:55:36.041 +00:00  INF]  Now listening on: https://localhost:7193
[2023-01-30 05:55:36.073 +00:00  INF]  Now listening on: http://localhost:5087
[2023-01-30 05:55:36.076 +00:00  INF]  Application started. Press Ctrl+C to shut down.
[2023-01-30 05:55:36.077 +00:00  INF]  Hosting environment: Development
[2023-01-30 05:55:36.077 +00:00  INF]  Content root path: C:\Data\Code\socgen\MarketDataProj\MarketDataProj\
[2023-01-30 05:55:36.748 +00:00  INF]  Request starting HTTP/2 GET https://localhost:7193/swagger/index.html - -
[2023-01-30 05:55:37.018 +00:00  INF]  Request finished HTTP/2 GET https://localhost:7193/swagger/index.html - - - 200 - text/html;charset=utf-8 275.9003ms
[2023-01-30 05:55:37.019 +00:00  INF]  Request starting HTTP/2 GET https://localhost:7193/_framework/aspnetcore-browser-refresh.js - -
[2023-01-30 05:55:37.019 +00:00  INF]  Request starting HTTP/2 GET https://localhost:7193/_vs/browserLink - -
[2023-01-30 05:55:37.030 +00:00  INF]  Request finished HTTP/2 GET https://localhost:7193/_framework/aspnetcore-browser-refresh.js - - - 200 11990 application/javascript;+charset=utf-8 11.1194ms
[2023-01-30 05:55:37.044 +00:00  INF]  Request finished HTTP/2 GET https://localhost:7193/_vs/browserLink - - - 200 - text/javascript;+charset=UTF-8 24.3619ms
[2023-01-30 05:55:37.114 +00:00  INF]  Request starting HTTP/2 GET https://localhost:7193/swagger/v1/swagger.json - -
[2023-01-30 05:55:37.137 +00:00  ERR]  An unhandled exception has occurred while executing the request.
Swashbuckle.AspNetCore.SwaggerGen.SwaggerGeneratorException: Conflicting method/path combination "GET MarketData" for actions - MarketDataProj.Controllers.MarketDataController.GetProductMarketData (MarketData),MarketDataProj.Controllers.MarketDataController.GetProductMarketDataLatest (MarketData). Actions require a unique method/path combination for Swagger/OpenAPI 3.0. Use ConflictingActionsResolver as a workaround
   at Swashbuckle.AspNetCore.SwaggerGen.SwaggerGenerator.GenerateOperations(IEnumerable`1 apiDescriptions, SchemaRepository schemaRepository)
   at Swashbuckle.AspNetCore.SwaggerGen.SwaggerGenerator.GeneratePaths(IEnumerable`1 apiDescriptions, SchemaRepository schemaRepository)
   at Swashbuckle.AspNetCore.SwaggerGen.SwaggerGenerator.GetSwagger(String documentName, String host, String basePath)
   at Swashbuckle.AspNetCore.Swagger.SwaggerMiddleware.Invoke(HttpContext httpContext, ISwaggerProvider swaggerProvider)
   at Microsoft.AspNetCore.Diagnostics.DeveloperExceptionPageMiddleware.Invoke(HttpContext context)
[2023-01-30 05:55:37.170 +00:00  INF]  Request finished HTTP/2 GET https://localhost:7193/swagger/v1/swagger.json - - - 500 - text/plain;+charset=utf-8 56.6351ms
[2023-01-30 05:56:30.556 +00:00  INF]  Now listening on: https://localhost:7193
[2023-01-30 05:56:30.597 +00:00  INF]  Now listening on: http://localhost:5087
[2023-01-30 05:56:30.601 +00:00  INF]  Application started. Press Ctrl+C to shut down.
[2023-01-30 05:56:30.602 +00:00  INF]  Hosting environment: Development
[2023-01-30 05:56:30.602 +00:00  INF]  Content root path: C:\Data\Code\socgen\MarketDataProj\MarketDataProj\
[2023-01-30 05:56:31.146 +00:00  INF]  Request starting HTTP/2 GET https://localhost:7193/swagger/index.html - -
[2023-01-30 05:56:31.585 +00:00  INF]  Request starting HTTP/2 GET https://localhost:7193/_vs/browserLink - -
[2023-01-30 05:56:31.593 +00:00  INF]  Request starting HTTP/2 GET https://localhost:7193/_framework/aspnetcore-browser-refresh.js - -
[2023-01-30 05:56:31.602 +00:00  INF]  Request finished HTTP/2 GET https://localhost:7193/_framework/aspnetcore-browser-refresh.js - - - 200 11990 application/javascript;+charset=utf-8 10.5062ms
[2023-01-30 05:56:31.602 +00:00  INF]  Request finished HTTP/2 GET https://localhost:7193/swagger/index.html - - - 200 - text/html;charset=utf-8 460.2645ms
[2023-01-30 05:56:31.614 +00:00  INF]  Request finished HTTP/2 GET https://localhost:7193/_vs/browserLink - - - 200 - text/javascript;+charset=UTF-8 29.2307ms
[2023-01-30 05:56:31.671 +00:00  INF]  Request starting HTTP/2 GET https://localhost:7193/swagger/v1/swagger.json - -
[2023-01-30 05:56:31.689 +00:00  ERR]  An unhandled exception has occurred while executing the request.
Swashbuckle.AspNetCore.SwaggerGen.SwaggerGeneratorException: Conflicting method/path combination "GET MarketData" for actions - MarketDataProj.Controllers.MarketDataController.GetProductMarketData (MarketData),MarketDataProj.Controllers.MarketDataController.GetProductMarketDataLatest (MarketData). Actions require a unique method/path combination for Swagger/OpenAPI 3.0. Use ConflictingActionsResolver as a workaround
   at Swashbuckle.AspNetCore.SwaggerGen.SwaggerGenerator.GenerateOperations(IEnumerable`1 apiDescriptions, SchemaRepository schemaRepository)
   at Swashbuckle.AspNetCore.SwaggerGen.SwaggerGenerator.GeneratePaths(IEnumerable`1 apiDescriptions, SchemaRepository schemaRepository)
   at Swashbuckle.AspNetCore.SwaggerGen.SwaggerGenerator.GetSwagger(String documentName, String host, String basePath)
   at Swashbuckle.AspNetCore.Swagger.SwaggerMiddleware.Invoke(HttpContext httpContext, ISwaggerProvider swaggerProvider)
   at Microsoft.AspNetCore.Diagnostics.DeveloperExceptionPageMiddleware.Invoke(HttpContext context)
[2023-01-30 05:56:31.721 +00:00  INF]  Request finished HTTP/2 GET https://localhost:7193/swagger/v1/swagger.json - - - 500 - text/plain;+charset=utf-8 50.3796ms
[2023-01-30 05:56:46.030 +00:00  INF]  Now listening on: https://localhost:7193
[2023-01-30 05:56:46.057 +00:00  INF]  Now listening on: http://localhost:5087
[2023-01-30 05:56:46.060 +00:00  INF]  Application started. Press Ctrl+C to shut down.
[2023-01-30 05:56:46.060 +00:00  INF]  Hosting environment: Development
[2023-01-30 05:56:46.060 +00:00  INF]  Content root path: C:\Data\Code\socgen\MarketDataProj\MarketDataProj\
[2023-01-30 05:56:46.861 +00:00  INF]  Request starting HTTP/2 GET https://localhost:7193/swagger/index.html - -
[2023-01-30 05:56:47.241 +00:00  INF]  Request finished HTTP/2 GET https://localhost:7193/swagger/index.html - - - 200 - text/html;charset=utf-8 381.9737ms
[2023-01-30 05:56:47.250 +00:00  INF]  Request starting HTTP/2 GET https://localhost:7193/_vs/browserLink - -
[2023-01-30 05:56:47.250 +00:00  INF]  Request starting HTTP/2 GET https://localhost:7193/_framework/aspnetcore-browser-refresh.js - -
[2023-01-30 05:56:47.258 +00:00  INF]  Request finished HTTP/2 GET https://localhost:7193/_framework/aspnetcore-browser-refresh.js - - - 200 11990 application/javascript;+charset=utf-8 7.2430ms
[2023-01-30 05:56:47.266 +00:00  INF]  Request finished HTTP/2 GET https://localhost:7193/_vs/browserLink - - - 200 - text/javascript;+charset=UTF-8 15.0688ms
[2023-01-30 05:56:47.338 +00:00  INF]  Request starting HTTP/2 GET https://localhost:7193/swagger/v1/swagger.json - -
[2023-01-30 05:56:47.368 +00:00  ERR]  An unhandled exception has occurred while executing the request.
Swashbuckle.AspNetCore.SwaggerGen.SwaggerGeneratorException: Conflicting method/path combination "GET MarketData" for actions - MarketDataProj.Controllers.MarketDataController.GetProductMarketData (MarketData),MarketDataProj.Controllers.MarketDataController.GetProductMarketDataLatest (MarketData). Actions require a unique method/path combination for Swagger/OpenAPI 3.0. Use ConflictingActionsResolver as a workaround
   at Swashbuckle.AspNetCore.SwaggerGen.SwaggerGenerator.GenerateOperations(IEnumerable`1 apiDescriptions, SchemaRepository schemaRepository)
   at Swashbuckle.AspNetCore.SwaggerGen.SwaggerGenerator.GeneratePaths(IEnumerable`1 apiDescriptions, SchemaRepository schemaRepository)
   at Swashbuckle.AspNetCore.SwaggerGen.SwaggerGenerator.GetSwagger(String documentName, String host, String basePath)
   at Swashbuckle.AspNetCore.Swagger.SwaggerMiddleware.Invoke(HttpContext httpContext, ISwaggerProvider swaggerProvider)
   at Microsoft.AspNetCore.Diagnostics.DeveloperExceptionPageMiddleware.Invoke(HttpContext context)
[2023-01-30 05:56:47.402 +00:00  INF]  Request finished HTTP/2 GET https://localhost:7193/swagger/v1/swagger.json - - - 500 - text/plain;+charset=utf-8 64.0475ms
[2023-01-30 05:57:47.702 +00:00  INF]  Now listening on: https://localhost:7193
[2023-01-30 05:57:47.747 +00:00  INF]  Now listening on: http://localhost:5087
[2023-01-30 05:57:47.751 +00:00  INF]  Application started. Press Ctrl+C to shut down.
[2023-01-30 05:57:47.751 +00:00  INF]  Hosting environment: Development
[2023-01-30 05:57:47.751 +00:00  INF]  Content root path: C:\Data\Code\socgen\MarketDataProj\MarketDataProj\
[2023-01-30 05:57:48.375 +00:00  INF]  Request starting HTTP/2 GET https://localhost:7193/swagger/index.html - -
[2023-01-30 05:57:48.657 +00:00  INF]  Request starting HTTP/2 GET https://localhost:7193/_vs/browserLink - -
[2023-01-30 05:57:48.659 +00:00  INF]  Request starting HTTP/2 GET https://localhost:7193/_framework/aspnetcore-browser-refresh.js - -
[2023-01-30 05:57:48.674 +00:00  INF]  Request finished HTTP/2 GET https://localhost:7193/swagger/index.html - - - 200 - text/html;charset=utf-8 300.1668ms
[2023-01-30 05:57:48.678 +00:00  INF]  Request finished HTTP/2 GET https://localhost:7193/_framework/aspnetcore-browser-refresh.js - - - 200 11990 application/javascript;+charset=utf-8 19.6531ms
[2023-01-30 05:57:48.689 +00:00  INF]  Request finished HTTP/2 GET https://localhost:7193/_vs/browserLink - - - 200 - text/javascript;+charset=UTF-8 32.0398ms
[2023-01-30 05:57:48.744 +00:00  INF]  Request starting HTTP/2 GET https://localhost:7193/swagger/v1/swagger.json - -
[2023-01-30 05:57:48.841 +00:00  INF]  Request finished HTTP/2 GET https://localhost:7193/swagger/v1/swagger.json - - - 200 - application/json;charset=utf-8 97.0245ms
[2023-01-30 05:58:02.399 +00:00  INF]  Request starting HTTP/2 GET https://localhost:7193/MarketData/GetProductMarketData?productCode=WTI - -
[2023-01-30 05:58:02.409 +00:00  INF]  Executing endpoint 'MarketDataProj.Controllers.MarketDataController.GetProductMarketData (MarketData)'
[2023-01-30 05:58:02.454 +00:00  INF]  Route matched with {action = "GetProductMarketData", controller = "MarketData"}. Executing controller action with signature System.Threading.Tasks.Task`1[System.Collections.Generic.IEnumerable`1[MarketData.Common.Models.MarketDataFutureValue]] GetProductMarketData(System.String) on controller MarketDataProj.Controllers.MarketDataController (MarketData).
[2023-01-30 05:58:11.244 +00:00  INF]  Executed action MarketDataProj.Controllers.MarketDataController.GetProductMarketData (MarketData) in 8783.4133ms
[2023-01-30 05:58:11.248 +00:00  INF]  Executed endpoint 'MarketDataProj.Controllers.MarketDataController.GetProductMarketData (MarketData)'
[2023-01-30 05:58:11.253 +00:00  ERR]  An unhandled exception has occurred while executing the request.
System.FormatException: Element '_id' does not match any field or property of class MarketData.Common.Models.MarketDataFutures.
   at MongoDB.Bson.Serialization.BsonClassMapSerializer`1.DeserializeClass(BsonDeserializationContext context)
   at MongoDB.Bson.Serialization.BsonClassMapSerializer`1.Deserialize(BsonDeserializationContext context, BsonDeserializationArgs args)
   at MongoDB.Bson.Serialization.IBsonSerializerExtensions.Deserialize[TValue](IBsonSerializer`1 serializer, BsonDeserializationContext context)
   at MongoDB.Driver.Core.Operations.CursorBatchDeserializationHelper.DeserializeBatch[TDocument](RawBsonArray batch, IBsonSerializer`1 documentSerializer, MessageEncoderSettings messageEncoderSettings)
   at MongoDB.Driver.Core.Operations.FindOperation`1.CreateFirstCursorBatch(BsonDocument cursorDocument)
   at MongoDB.Driver.Core.Operations.FindOperation`1.CreateCursor(IChannelSourceHandle channelSource, IChannelHandle channel, BsonDocument commandResult)
   at MongoDB.Driver.Core.Operations.FindOperation`1.ExecuteAsync(RetryableReadContext context, CancellationToken cancellationToken)
   at MongoDB.Driver.Core.Operations.FindOperation`1.ExecuteAsync(IReadBinding binding, CancellationToken cancellationToken)
   at MongoDB.Driver.OperationExecutor.ExecuteReadOperationAsync[TResult](IReadBinding binding, IReadOperation`1 operation, CancellationToken cancellationToken)
   at MongoDB.Driver.MongoCollectionImpl`1.ExecuteReadOperationAsync[TResult](IClientSessionHandle session, IReadOperation`1 operation, ReadPreference readPreference, CancellationToken cancellationToken)
   at MongoDB.Driver.MongoCollectionImpl`1.UsingImplicitSessionAsync[TResult](Func`2 funcAsync, CancellationToken cancellationToken)
   at MarketData.DAL.DbMarketRepository.GetMarketValuesByCode(String productCode) in C:\Data\Code\socgen\MarketDataProj\MarketData.Data\DbMarketRepository.cs:line 63
   at MarketDataProj.Controllers.MarketDataController.GetProductMarketData(String productCode) in C:\Data\Code\socgen\MarketDataProj\MarketDataProj\Controllers\MarketDataController.cs:line 23
   at lambda_method5(Closure , Object )
   at Microsoft.AspNetCore.Mvc.Infrastructure.ActionMethodExecutor.AwaitableObjectResultExecutor.Execute(IActionResultTypeMapper mapper, ObjectMethodExecutor executor, Object controller, Object[] arguments)
   at Microsoft.AspNetCore.Mvc.Infrastructure.ControllerActionInvoker.<InvokeActionMethodAsync>g__Awaited|12_0(ControllerActionInvoker invoker, ValueTask`1 actionResultValueTask)
   at Microsoft.AspNetCore.Mvc.Infrastructure.ControllerActionInvoker.<InvokeNextActionFilterAsync>g__Awaited|10_0(ControllerActionInvoker invoker, Task lastTask, State next, Scope scope, Object state, Boolean isCompleted)
   at Microsoft.AspNetCore.Mvc.Infrastructure.ControllerActionInvoker.Rethrow(ActionExecutedContextSealed context)
   at Microsoft.AspNetCore.Mvc.Infrastructure.ControllerActionInvoker.Next(State& next, Scope& scope, Object& state, Boolean& isCompleted)
   at Microsoft.AspNetCore.Mvc.Infrastructure.ControllerActionInvoker.<InvokeInnerFilterAsync>g__Awaited|13_0(ControllerActionInvoker invoker, Task lastTask, State next, Scope scope, Object state, Boolean isCompleted)
   at Microsoft.AspNetCore.Mvc.Infrastructure.ResourceInvoker.<InvokeFilterPipelineAsync>g__Awaited|20_0(ResourceInvoker invoker, Task lastTask, State next, Scope scope, Object state, Boolean isCompleted)
   at Microsoft.AspNetCore.Mvc.Infrastructure.ResourceInvoker.<InvokeAsync>g__Logged|17_1(ResourceInvoker invoker)
   at Microsoft.AspNetCore.Mvc.Infrastructure.ResourceInvoker.<InvokeAsync>g__Logged|17_1(ResourceInvoker invoker)
   at Microsoft.AspNetCore.Routing.EndpointMiddleware.<Invoke>g__AwaitRequestTask|6_0(Endpoint endpoint, Task requestTask, ILogger logger)
   at Microsoft.AspNetCore.Authorization.AuthorizationMiddleware.Invoke(HttpContext context)
   at Swashbuckle.AspNetCore.SwaggerUI.SwaggerUIMiddleware.Invoke(HttpContext httpContext)
   at Swashbuckle.AspNetCore.Swagger.SwaggerMiddleware.Invoke(HttpContext httpContext, ISwaggerProvider swaggerProvider)
   at Microsoft.AspNetCore.Diagnostics.DeveloperExceptionPageMiddleware.Invoke(HttpContext context)
[2023-01-30 05:58:11.306 +00:00  INF]  Request finished HTTP/2 GET https://localhost:7193/MarketData/GetProductMarketData?productCode=WTI - - - 500 - text/plain;+charset=utf-8 8907.7341ms
[2023-01-30 05:58:24.876 +00:00  INF]  Request starting HTTP/2 GET https://localhost:7193/MarketData/GetProductMarketData?productCode=WTI - -
[2023-01-30 05:58:24.878 +00:00  INF]  Executing endpoint 'MarketDataProj.Controllers.MarketDataController.GetProductMarketData (MarketData)'
[2023-01-30 05:58:24.878 +00:00  INF]  Route matched with {action = "GetProductMarketData", controller = "MarketData"}. Executing controller action with signature System.Threading.Tasks.Task`1[System.Collections.Generic.IEnumerable`1[MarketData.Common.Models.MarketDataFutureValue]] GetProductMarketData(System.String) on controller MarketDataProj.Controllers.MarketDataController (MarketData).
[2023-01-30 05:58:24.943 +00:00  INF]  Executed action MarketDataProj.Controllers.MarketDataController.GetProductMarketData (MarketData) in 64.6753ms
[2023-01-30 05:58:24.943 +00:00  INF]  Executed endpoint 'MarketDataProj.Controllers.MarketDataController.GetProductMarketData (MarketData)'
[2023-01-30 05:58:24.943 +00:00  ERR]  An unhandled exception has occurred while executing the request.
System.FormatException: Element '_id' does not match any field or property of class MarketData.Common.Models.MarketDataFutures.
   at MongoDB.Bson.Serialization.BsonClassMapSerializer`1.DeserializeClass(BsonDeserializationContext context)
   at MongoDB.Bson.Serialization.BsonClassMapSerializer`1.Deserialize(BsonDeserializationContext context, BsonDeserializationArgs args)
   at MongoDB.Bson.Serialization.IBsonSerializerExtensions.Deserialize[TValue](IBsonSerializer`1 serializer, BsonDeserializationContext context)
   at MongoDB.Driver.Core.Operations.CursorBatchDeserializationHelper.DeserializeBatch[TDocument](RawBsonArray batch, IBsonSerializer`1 documentSerializer, MessageEncoderSettings messageEncoderSettings)
   at MongoDB.Driver.Core.Operations.FindOperation`1.CreateFirstCursorBatch(BsonDocument cursorDocument)
   at MongoDB.Driver.Core.Operations.FindOperation`1.CreateCursor(IChannelSourceHandle channelSource, IChannelHandle channel, BsonDocument commandResult)
   at MongoDB.Driver.Core.Operations.FindOperation`1.ExecuteAsync(RetryableReadContext context, CancellationToken cancellationToken)
   at MongoDB.Driver.Core.Operations.FindOperation`1.ExecuteAsync(IReadBinding binding, CancellationToken cancellationToken)
   at MongoDB.Driver.OperationExecutor.ExecuteReadOperationAsync[TResult](IReadBinding binding, IReadOperation`1 operation, CancellationToken cancellationToken)
   at MongoDB.Driver.MongoCollectionImpl`1.ExecuteReadOperationAsync[TResult](IClientSessionHandle session, IReadOperation`1 operation, ReadPreference readPreference, CancellationToken cancellationToken)
   at MongoDB.Driver.MongoCollectionImpl`1.UsingImplicitSessionAsync[TResult](Func`2 funcAsync, CancellationToken cancellationToken)
   at MarketData.DAL.DbMarketRepository.GetMarketValuesByCode(String productCode) in C:\Data\Code\socgen\MarketDataProj\MarketData.Data\DbMarketRepository.cs:line 63
   at MarketDataProj.Controllers.MarketDataController.GetProductMarketData(String productCode) in C:\Data\Code\socgen\MarketDataProj\MarketDataProj\Controllers\MarketDataController.cs:line 23
   at lambda_method5(Closure , Object )
   at Microsoft.AspNetCore.Mvc.Infrastructure.ActionMethodExecutor.AwaitableObjectResultExecutor.Execute(IActionResultTypeMapper mapper, ObjectMethodExecutor executor, Object controller, Object[] arguments)
   at Microsoft.AspNetCore.Mvc.Infrastructure.ControllerActionInvoker.<InvokeActionMethodAsync>g__Awaited|12_0(ControllerActionInvoker invoker, ValueTask`1 actionResultValueTask)
   at Microsoft.AspNetCore.Mvc.Infrastructure.ControllerActionInvoker.<InvokeNextActionFilterAsync>g__Awaited|10_0(ControllerActionInvoker invoker, Task lastTask, State next, Scope scope, Object state, Boolean isCompleted)
   at Microsoft.AspNetCore.Mvc.Infrastructure.ControllerActionInvoker.Rethrow(ActionExecutedContextSealed context)
   at Microsoft.AspNetCore.Mvc.Infrastructure.ControllerActionInvoker.Next(State& next, Scope& scope, Object& state, Boolean& isCompleted)
   at Microsoft.AspNetCore.Mvc.Infrastructure.ControllerActionInvoker.<InvokeInnerFilterAsync>g__Awaited|13_0(ControllerActionInvoker invoker, Task lastTask, State next, Scope scope, Object state, Boolean isCompleted)
   at Microsoft.AspNetCore.Mvc.Infrastructure.ResourceInvoker.<InvokeFilterPipelineAsync>g__Awaited|20_0(ResourceInvoker invoker, Task lastTask, State next, Scope scope, Object state, Boolean isCompleted)
   at Microsoft.AspNetCore.Mvc.Infrastructure.ResourceInvoker.<InvokeAsync>g__Logged|17_1(ResourceInvoker invoker)
   at Microsoft.AspNetCore.Mvc.Infrastructure.ResourceInvoker.<InvokeAsync>g__Logged|17_1(ResourceInvoker invoker)
   at Microsoft.AspNetCore.Routing.EndpointMiddleware.<Invoke>g__AwaitRequestTask|6_0(Endpoint endpoint, Task requestTask, ILogger logger)
   at Microsoft.AspNetCore.Authorization.AuthorizationMiddleware.Invoke(HttpContext context)
   at Swashbuckle.AspNetCore.SwaggerUI.SwaggerUIMiddleware.Invoke(HttpContext httpContext)
   at Swashbuckle.AspNetCore.Swagger.SwaggerMiddleware.Invoke(HttpContext httpContext, ISwaggerProvider swaggerProvider)
   at Microsoft.AspNetCore.Diagnostics.DeveloperExceptionPageMiddleware.Invoke(HttpContext context)
[2023-01-30 05:58:24.945 +00:00  INF]  Request finished HTTP/2 GET https://localhost:7193/MarketData/GetProductMarketData?productCode=WTI - - - 500 - text/plain;+charset=utf-8 69.2078ms
[2023-01-30 05:58:47.836 +00:00  INF]  Request starting HTTP/2 GET https://localhost:7193/MarketData/GetProductMarketData?productCode=WTI - -
[2023-01-30 05:58:47.837 +00:00  INF]  Executing endpoint 'MarketDataProj.Controllers.MarketDataController.GetProductMarketData (MarketData)'
[2023-01-30 05:58:47.837 +00:00  INF]  Route matched with {action = "GetProductMarketData", controller = "MarketData"}. Executing controller action with signature System.Threading.Tasks.Task`1[System.Collections.Generic.IEnumerable`1[MarketData.Common.Models.MarketDataFutureValue]] GetProductMarketData(System.String) on controller MarketDataProj.Controllers.MarketDataController (MarketData).
[2023-01-30 05:59:14.646 +00:00  INF]  Executed action MarketDataProj.Controllers.MarketDataController.GetProductMarketData (MarketData) in 26808.8664ms
[2023-01-30 05:59:14.646 +00:00  INF]  Executed endpoint 'MarketDataProj.Controllers.MarketDataController.GetProductMarketData (MarketData)'
[2023-01-30 05:59:14.646 +00:00  ERR]  An unhandled exception has occurred while executing the request.
System.FormatException: Element '_id' does not match any field or property of class MarketData.Common.Models.MarketDataFutures.
   at MongoDB.Bson.Serialization.BsonClassMapSerializer`1.DeserializeClass(BsonDeserializationContext context)
   at MongoDB.Bson.Serialization.BsonClassMapSerializer`1.Deserialize(BsonDeserializationContext context, BsonDeserializationArgs args)
   at MongoDB.Bson.Serialization.IBsonSerializerExtensions.Deserialize[TValue](IBsonSerializer`1 serializer, BsonDeserializationContext context)
   at MongoDB.Driver.Core.Operations.CursorBatchDeserializationHelper.DeserializeBatch[TDocument](RawBsonArray batch, IBsonSerializer`1 documentSerializer, MessageEncoderSettings messageEncoderSettings)
   at MongoDB.Driver.Core.Operations.FindOperation`1.CreateFirstCursorBatch(BsonDocument cursorDocument)
   at MongoDB.Driver.Core.Operations.FindOperation`1.CreateCursor(IChannelSourceHandle channelSource, IChannelHandle channel, BsonDocument commandResult)
   at MongoDB.Driver.Core.Operations.FindOperation`1.ExecuteAsync(RetryableReadContext context, CancellationToken cancellationToken)
   at MongoDB.Driver.Core.Operations.FindOperation`1.ExecuteAsync(IReadBinding binding, CancellationToken cancellationToken)
   at MongoDB.Driver.OperationExecutor.ExecuteReadOperationAsync[TResult](IReadBinding binding, IReadOperation`1 operation, CancellationToken cancellationToken)
   at MongoDB.Driver.MongoCollectionImpl`1.ExecuteReadOperationAsync[TResult](IClientSessionHandle session, IReadOperation`1 operation, ReadPreference readPreference, CancellationToken cancellationToken)
   at MongoDB.Driver.MongoCollectionImpl`1.UsingImplicitSessionAsync[TResult](Func`2 funcAsync, CancellationToken cancellationToken)
   at MarketData.DAL.DbMarketRepository.GetMarketValuesByCode(String productCode) in C:\Data\Code\socgen\MarketDataProj\MarketData.Data\DbMarketRepository.cs:line 63
   at MarketDataProj.Controllers.MarketDataController.GetProductMarketData(String productCode) in C:\Data\Code\socgen\MarketDataProj\MarketDataProj\Controllers\MarketDataController.cs:line 23
   at lambda_method5(Closure , Object )
   at Microsoft.AspNetCore.Mvc.Infrastructure.ActionMethodExecutor.AwaitableObjectResultExecutor.Execute(IActionResultTypeMapper mapper, ObjectMethodExecutor executor, Object controller, Object[] arguments)
   at Microsoft.AspNetCore.Mvc.Infrastructure.ControllerActionInvoker.<InvokeActionMethodAsync>g__Awaited|12_0(ControllerActionInvoker invoker, ValueTask`1 actionResultValueTask)
   at Microsoft.AspNetCore.Mvc.Infrastructure.ControllerActionInvoker.<InvokeNextActionFilterAsync>g__Awaited|10_0(ControllerActionInvoker invoker, Task lastTask, State next, Scope scope, Object state, Boolean isCompleted)
   at Microsoft.AspNetCore.Mvc.Infrastructure.ControllerActionInvoker.Rethrow(ActionExecutedContextSealed context)
   at Microsoft.AspNetCore.Mvc.Infrastructure.ControllerActionInvoker.Next(State& next, Scope& scope, Object& state, Boolean& isCompleted)
   at Microsoft.AspNetCore.Mvc.Infrastructure.ControllerActionInvoker.<InvokeInnerFilterAsync>g__Awaited|13_0(ControllerActionInvoker invoker, Task lastTask, State next, Scope scope, Object state, Boolean isCompleted)
   at Microsoft.AspNetCore.Mvc.Infrastructure.ResourceInvoker.<InvokeFilterPipelineAsync>g__Awaited|20_0(ResourceInvoker invoker, Task lastTask, State next, Scope scope, Object state, Boolean isCompleted)
   at Microsoft.AspNetCore.Mvc.Infrastructure.ResourceInvoker.<InvokeAsync>g__Logged|17_1(ResourceInvoker invoker)
   at Microsoft.AspNetCore.Mvc.Infrastructure.ResourceInvoker.<InvokeAsync>g__Logged|17_1(ResourceInvoker invoker)
   at Microsoft.AspNetCore.Routing.EndpointMiddleware.<Invoke>g__AwaitRequestTask|6_0(Endpoint endpoint, Task requestTask, ILogger logger)
   at Microsoft.AspNetCore.Authorization.AuthorizationMiddleware.Invoke(HttpContext context)
   at Swashbuckle.AspNetCore.SwaggerUI.SwaggerUIMiddleware.Invoke(HttpContext httpContext)
   at Swashbuckle.AspNetCore.Swagger.SwaggerMiddleware.Invoke(HttpContext httpContext, ISwaggerProvider swaggerProvider)
   at Microsoft.AspNetCore.Diagnostics.DeveloperExceptionPageMiddleware.Invoke(HttpContext context)
[2023-01-30 05:59:14.648 +00:00  INF]  Request finished HTTP/2 GET https://localhost:7193/MarketData/GetProductMarketData?productCode=WTI - - - 500 - text/plain;+charset=utf-8 26811.8658ms
[2023-01-30 06:00:52.973 +00:00  INF]  Now listening on: https://localhost:7193
[2023-01-30 06:00:53.017 +00:00  INF]  Now listening on: http://localhost:5087
[2023-01-30 06:00:53.021 +00:00  INF]  Application started. Press Ctrl+C to shut down.
[2023-01-30 06:00:53.021 +00:00  INF]  Hosting environment: Development
[2023-01-30 06:00:53.021 +00:00  INF]  Content root path: C:\Data\Code\socgen\MarketDataProj\MarketDataProj\
[2023-01-30 06:00:53.587 +00:00  INF]  Request starting HTTP/2 GET https://localhost:7193/swagger/index.html - -
[2023-01-30 06:00:53.968 +00:00  INF]  Request starting HTTP/2 GET https://localhost:7193/_framework/aspnetcore-browser-refresh.js - -
[2023-01-30 06:00:53.968 +00:00  INF]  Request starting HTTP/2 GET https://localhost:7193/_vs/browserLink - -
[2023-01-30 06:00:53.973 +00:00  INF]  Request finished HTTP/2 GET https://localhost:7193/swagger/index.html - - - 200 - text/html;charset=utf-8 388.6290ms
[2023-01-30 06:00:53.985 +00:00  INF]  Request finished HTTP/2 GET https://localhost:7193/_framework/aspnetcore-browser-refresh.js - - - 200 11990 application/javascript;+charset=utf-8 17.7084ms
[2023-01-30 06:00:53.992 +00:00  INF]  Request finished HTTP/2 GET https://localhost:7193/_vs/browserLink - - - 200 - text/javascript;+charset=UTF-8 23.8964ms
[2023-01-30 06:00:54.050 +00:00  INF]  Request starting HTTP/2 GET https://localhost:7193/swagger/v1/swagger.json - -
[2023-01-30 06:00:54.144 +00:00  INF]  Request finished HTTP/2 GET https://localhost:7193/swagger/v1/swagger.json - - - 200 - application/json;charset=utf-8 93.8971ms
[2023-01-30 06:01:02.336 +00:00  INF]  Request starting HTTP/2 GET https://localhost:7193/MarketData/GetProductMarketData?productCode=WTI - -
[2023-01-30 06:01:02.344 +00:00  INF]  Executing endpoint 'MarketDataProj.Controllers.MarketDataController.GetProductMarketData (MarketData)'
[2023-01-30 06:01:02.393 +00:00  INF]  Route matched with {action = "GetProductMarketData", controller = "MarketData"}. Executing controller action with signature System.Threading.Tasks.Task`1[System.Collections.Generic.IEnumerable`1[MarketData.Common.Models.MarketDataFutureValue]] GetProductMarketData(System.String) on controller MarketDataProj.Controllers.MarketDataController (MarketData).
[2023-01-30 06:01:06.700 +00:00  INF]  Executing ObjectResult, writing value of type 'System.Linq.Enumerable+SelectManySingleSelectorIterator`2[[MarketData.Common.Models.MarketDataFutures, MarketData.Common, Version=1.0.0.0, Culture=neutral, PublicKeyToken=null],[MarketData.Common.Models.MarketDataFutureValue, MarketData.Common, Version=1.0.0.0, Culture=neutral, PublicKeyToken=null]]'.
[2023-01-30 06:01:06.719 +00:00  INF]  Executed action MarketDataProj.Controllers.MarketDataController.GetProductMarketData (MarketData) in 4317.8454ms
[2023-01-30 06:01:06.724 +00:00  INF]  Executed endpoint 'MarketDataProj.Controllers.MarketDataController.GetProductMarketData (MarketData)'
[2023-01-30 06:01:06.726 +00:00  INF]  Request finished HTTP/2 GET https://localhost:7193/MarketData/GetProductMarketData?productCode=WTI - - - 200 - application/json;+charset=utf-8 4389.6338ms
[2023-01-30 06:01:43.907 +00:00  INF]  Request starting HTTP/2 GET https://localhost:7193/MarketData/GetProductMarketDataLatest?productCode=WTI&updateTime=2023-01-29 - -
[2023-01-30 06:01:43.908 +00:00  INF]  Executing endpoint 'MarketDataProj.Controllers.MarketDataController.GetProductMarketDataLatest (MarketData)'
[2023-01-30 06:01:43.911 +00:00  INF]  Route matched with {action = "GetProductMarketDataLatest", controller = "MarketData"}. Executing controller action with signature System.Threading.Tasks.Task`1[System.Collections.Generic.IEnumerable`1[MarketData.Common.Models.MarketDataFutureValue]] GetProductMarketDataLatest(System.String, System.DateTime) on controller MarketDataProj.Controllers.MarketDataController (MarketData).
[2023-01-30 06:01:43.943 +00:00  INF]  Executing ObjectResult, writing value of type 'System.Linq.Enumerable+SelectManySingleSelectorIterator`2[[MarketData.Common.Models.MarketDataFutures, MarketData.Common, Version=1.0.0.0, Culture=neutral, PublicKeyToken=null],[MarketData.Common.Models.MarketDataFutureValue, MarketData.Common, Version=1.0.0.0, Culture=neutral, PublicKeyToken=null]]'.
[2023-01-30 06:01:43.943 +00:00  INF]  Executed action MarketDataProj.Controllers.MarketDataController.GetProductMarketDataLatest (MarketData) in 31.9909ms
[2023-01-30 06:01:43.943 +00:00  INF]  Executed endpoint 'MarketDataProj.Controllers.MarketDataController.GetProductMarketDataLatest (MarketData)'
[2023-01-30 06:01:43.943 +00:00  INF]  Request finished HTTP/2 GET https://localhost:7193/MarketData/GetProductMarketDataLatest?productCode=WTI&updateTime=2023-01-29 - - - 200 - application/json;+charset=utf-8 36.9303ms
[2023-01-30 06:01:50.212 +00:00  INF]  Request starting HTTP/2 GET https://localhost:7193/MarketData/GetProductMarketDataLatest?productCode=WTI&updateTime=2023-01-30 - -
[2023-01-30 06:01:50.212 +00:00  INF]  Executing endpoint 'MarketDataProj.Controllers.MarketDataController.GetProductMarketDataLatest (MarketData)'
[2023-01-30 06:01:50.213 +00:00  INF]  Route matched with {action = "GetProductMarketDataLatest", controller = "MarketData"}. Executing controller action with signature System.Threading.Tasks.Task`1[System.Collections.Generic.IEnumerable`1[MarketData.Common.Models.MarketDataFutureValue]] GetProductMarketDataLatest(System.String, System.DateTime) on controller MarketDataProj.Controllers.MarketDataController (MarketData).
[2023-01-30 06:01:50.221 +00:00  INF]  Executing ObjectResult, writing value of type 'System.Linq.Enumerable+SelectManySingleSelectorIterator`2[[MarketData.Common.Models.MarketDataFutures, MarketData.Common, Version=1.0.0.0, Culture=neutral, PublicKeyToken=null],[MarketData.Common.Models.MarketDataFutureValue, MarketData.Common, Version=1.0.0.0, Culture=neutral, PublicKeyToken=null]]'.
[2023-01-30 06:01:50.222 +00:00  INF]  Executed action MarketDataProj.Controllers.MarketDataController.GetProductMarketDataLatest (MarketData) in 9.7136ms
[2023-01-30 06:01:50.222 +00:00  INF]  Executed endpoint 'MarketDataProj.Controllers.MarketDataController.GetProductMarketDataLatest (MarketData)'
[2023-01-30 06:01:50.223 +00:00  INF]  Request finished HTTP/2 GET https://localhost:7193/MarketData/GetProductMarketDataLatest?productCode=WTI&updateTime=2023-01-30 - - - 200 - application/json;+charset=utf-8 10.4352ms
